TN:
SF:src/PodFast.sol
FN:51,PodFast.initialize
FNDA:0,PodFast.initialize
DA:63,0
DA:65,0
DA:66,0
DA:67,0
DA:68,0
DA:69,0
DA:71,0
DA:72,0
DA:73,0
DA:74,0
DA:75,0
DA:77,0
DA:79,0
DA:80,0
DA:82,0
DA:83,0
DA:84,0
DA:85,0
DA:87,0
DA:88,0
DA:89,0
DA:90,0
DA:92,0
DA:93,0
DA:94,0
DA:96,0
FN:99,PodFast.name
FNDA:1,PodFast.name
DA:100,1
FN:103,PodFast.symbol
FNDA:1,PodFast.symbol
DA:104,1
FN:107,PodFast.decimals
FNDA:1,PodFast.decimals
DA:108,1
FN:111,PodFast.totalSupply
FNDA:2,PodFast.totalSupply
DA:112,2
FN:115,PodFast.balanceOf
FNDA:24,PodFast.balanceOf
DA:116,24
BRDA:116,0,0,10
BRDA:116,0,1,14
DA:117,14
FN:120,PodFast.transfer
FNDA:37,PodFast.transfer
DA:121,37
DA:122,34
FN:125,PodFast.allowance
FNDA:5,PodFast.allowance
DA:126,5
FN:129,PodFast.approve
FNDA:7,PodFast.approve
DA:130,7
DA:131,5
FN:134,PodFast.transferFrom
FNDA:2,PodFast.transferFrom
DA:139,2
DA:140,2
DA:145,2
FN:148,PodFast.increaseAllowance
FNDA:1,PodFast.increaseAllowance
DA:149,1
DA:150,1
FN:153,PodFast.decreaseAllowance
FNDA:1,PodFast.decreaseAllowance
DA:154,1
DA:159,1
FN:162,PodFast.isExcludedFromReward
FNDA:4,PodFast.isExcludedFromReward
DA:163,4
FN:166,PodFast.totalFees
FNDA:2,PodFast.totalFees
DA:167,2
FN:170,PodFast.deliver
FNDA:2,PodFast.deliver
DA:171,2
DA:172,2
BRDA:172,1,0,1
BRDA:172,1,1,1
DA:173,1
DA:174,1
DA:175,1
DA:176,1
FN:179,PodFast.reflectionFromToken
FNDA:2,PodFast.reflectionFromToken
DA:180,2
BRDA:180,2,0,1
BRDA:180,2,1,1
DA:181,1
BRDA:181,3,0,-
BRDA:181,3,1,1
DA:182,0
DA:183,0
DA:185,1
DA:186,1
FN:190,PodFast.tokenFromReflection
FNDA:3,PodFast.tokenFromReflection
DA:191,22
BRDA:191,4,0,1
BRDA:191,4,1,21
DA:192,21
DA:193,21
FN:196,PodFast.excludeFromReward
FNDA:5,PodFast.excludeFromReward
DA:197,7
BRDA:197,5,0,5
BRDA:197,5,1,7
DA:198,7
BRDA:198,6,0,5
BRDA:198,6,1,7
DA:199,5
DA:201,7
DA:202,7
FN:206,PodFast.includeInReward
FNDA:2,PodFast.includeInReward
DA:207,2
BRDA:207,7,0,1
BRDA:207,7,1,1
DA:208,1
DA:209,4
BRDA:209,8,0,-
BRDA:209,8,1,1
DA:210,1
DA:211,1
DA:212,1
DA:213,1
DA:214,1
FN:219,PodFast.excludeFromFee
FNDA:2,PodFast.excludeFromFee
DA:220,2
FN:223,PodFast.includeInFee
FNDA:1,PodFast.includeInFee
DA:224,1
FN:227,PodFast.setAllFeePercent
FNDA:4,PodFast.setAllFeePercent
DA:232,4
BRDA:232,9,0,1
BRDA:232,9,1,3
DA:233,3
BRDA:233,10,0,1
BRDA:233,10,1,2
DA:234,2
BRDA:234,11,0,1
BRDA:234,11,1,1
DA:235,1
DA:236,1
DA:237,1
FN:240,PodFast.setFeeWallet
FNDA:2,PodFast.setFeeWallet
DA:241,2
BRDA:241,12,0,1
BRDA:241,12,1,1
DA:242,1
DA:243,1
FN:246,PodFast.setEcosystemWallet
FNDA:2,PodFast.setEcosystemWallet
DA:247,2
BRDA:247,13,0,1
BRDA:247,13,1,1
DA:248,1
DA:249,1
FN:254,PodFast._reflectFee
FNDA:36,PodFast._reflectFee
DA:255,36
DA:256,36
FN:259,PodFast._getValues
FNDA:38,PodFast._getValues
DA:272,38
DA:273,38
DA:274,38
FN:277,PodFast._getTValues
FNDA:38,PodFast._getTValues
DA:287,38
DA:288,38
DA:289,38
DA:290,38
DA:291,38
FN:294,PodFast._getRValues
FNDA:38,PodFast._getRValues
DA:309,38
DA:310,38
DA:311,38
DA:312,38
DA:313,38
DA:314,38
FN:317,PodFast._getRate
FNDA:1,PodFast._getRate
DA:318,132
DA:319,132
FN:322,PodFast._getCurrentSupply
FNDA:132,PodFast._getCurrentSupply
DA:323,132
DA:324,132
DA:325,132
DA:326,431
BRDA:326,14,0,-
BRDA:326,14,1,431
DA:327,431
DA:328,431
DA:330,132
BRDA:330,15,0,20
BRDA:330,15,1,112
DA:331,112
FN:334,PodFast._takeOwnerFee
FNDA:36,PodFast._takeOwnerFee
DA:335,36
DA:336,36
DA:337,36
DA:338,36
BRDA:338,16,0,36
BRDA:338,16,1,36
FN:341,PodFast._takeEcosystemFee
FNDA:36,PodFast._takeEcosystemFee
DA:342,36
DA:343,36
DA:344,36
DA:345,36
BRDA:345,17,0,36
BRDA:345,17,1,36
FN:348,PodFast.calculateTaxFee
FNDA:38,PodFast.calculateTaxFee
DA:349,38
FN:352,PodFast.calculateEcosystemFee
FNDA:38,PodFast.calculateEcosystemFee
DA:353,38
FN:356,PodFast.calculateOwnerFee
FNDA:38,PodFast.calculateOwnerFee
DA:357,38
FN:360,PodFast.removeAllFee
FNDA:24,PodFast.removeAllFee
DA:361,24
BRDA:361,18,0,24
BRDA:361,18,1,24
DA:363,24
DA:364,24
DA:365,24
DA:367,24
DA:368,24
DA:369,24
FN:372,PodFast.restoreAllFee
FNDA:24,PodFast.restoreAllFee
DA:373,24
DA:374,24
DA:375,24
FN:378,PodFast.isExcludedFromFee
FNDA:3,PodFast.isExcludedFromFee
DA:379,3
FN:382,PodFast._approve
FNDA:11,PodFast._approve
DA:387,11
BRDA:387,19,0,1
BRDA:387,19,1,10
DA:388,10
BRDA:388,20,0,1
BRDA:388,20,1,9
DA:390,9
DA:391,9
FN:394,PodFast._transfer
FNDA:39,PodFast._transfer
DA:399,39
BRDA:399,21,0,1
BRDA:399,21,1,38
DA:400,38
BRDA:400,22,0,1
BRDA:400,22,1,37
DA:401,37
BRDA:401,23,0,1
BRDA:401,23,1,36
DA:404,36
DA:407,36
BRDA:407,24,0,24
BRDA:407,24,1,36
DA:408,24
DA:412,36
FN:416,PodFast._tokenTransfer
FNDA:36,PodFast._tokenTransfer
DA:422,36
BRDA:422,25,0,24
BRDA:422,25,1,36
DA:424,36
BRDA:424,26,0,23
BRDA:424,26,1,13
DA:425,23
DA:426,13
BRDA:426,27,0,2
BRDA:426,27,1,11
DA:427,2
DA:428,11
BRDA:428,28,0,10
BRDA:428,28,1,1
DA:429,10
DA:430,1
BRDA:430,29,0,1
BRDA:430,29,1,-
DA:431,1
DA:433,0
DA:435,36
BRDA:435,30,0,24
BRDA:435,30,1,36
FN:438,PodFast._transferStandard
FNDA:10,PodFast._transferStandard
DA:443,10
DA:452,10
DA:453,10
DA:454,10
DA:455,10
DA:456,10
DA:457,10
DA:458,10
FN:461,PodFast._transferToExcluded
FNDA:2,PodFast._transferToExcluded
DA:466,2
DA:474,2
DA:475,2
DA:476,2
DA:477,2
DA:478,2
DA:479,2
DA:480,2
DA:481,2
FN:484,PodFast._transferFromExcluded
FNDA:23,PodFast._transferFromExcluded
DA:489,23
DA:497,23
DA:498,23
DA:499,23
DA:500,23
DA:501,23
DA:502,23
DA:503,23
DA:504,23
FN:507,PodFast._transferBothExcluded
FNDA:1,PodFast._transferBothExcluded
DA:512,1
DA:520,1
DA:521,1
DA:522,1
DA:523,1
DA:524,1
DA:525,1
DA:526,1
DA:527,1
DA:528,1
FNF:45
FNH:44
LF:194
LH:165
BRF:62
BRH:58
end_of_record
TN:
SF:src/Podfast.sol
FN:51,PodFast.initialize
FNDA:0,PodFast.initialize
DA:63,0
DA:65,0
DA:66,0
DA:67,0
DA:68,0
DA:69,0
DA:71,0
DA:72,0
DA:73,0
DA:74,0
DA:75,0
DA:77,0
DA:79,0
DA:80,0
DA:82,0
DA:83,0
DA:84,0
DA:85,0
DA:87,0
DA:88,0
DA:89,0
DA:90,0
DA:92,0
DA:93,0
DA:94,0
DA:96,0
FN:99,PodFast.name
FNDA:0,PodFast.name
DA:100,0
FN:103,PodFast.symbol
FNDA:0,PodFast.symbol
DA:104,0
FN:107,PodFast.decimals
FNDA:0,PodFast.decimals
DA:108,0
FN:111,PodFast.totalSupply
FNDA:0,PodFast.totalSupply
DA:112,0
FN:115,PodFast.balanceOf
FNDA:0,PodFast.balanceOf
DA:116,0
BRDA:116,0,0,-
BRDA:116,0,1,-
DA:117,0
FN:120,PodFast.transfer
FNDA:0,PodFast.transfer
DA:121,0
DA:122,0
FN:125,PodFast.allowance
FNDA:0,PodFast.allowance
DA:126,0
FN:129,PodFast.approve
FNDA:0,PodFast.approve
DA:130,0
DA:131,0
FN:134,PodFast.transferFrom
FNDA:0,PodFast.transferFrom
DA:139,0
DA:140,0
DA:145,0
FN:148,PodFast.increaseAllowance
FNDA:0,PodFast.increaseAllowance
DA:149,0
DA:150,0
FN:153,PodFast.decreaseAllowance
FNDA:0,PodFast.decreaseAllowance
DA:154,0
DA:159,0
FN:162,PodFast.isExcludedFromReward
FNDA:0,PodFast.isExcludedFromReward
DA:163,0
FN:166,PodFast.totalFees
FNDA:0,PodFast.totalFees
DA:167,0
FN:170,PodFast.deliver
FNDA:0,PodFast.deliver
DA:171,0
DA:172,0
BRDA:172,1,0,-
BRDA:172,1,1,-
DA:173,0
DA:174,0
DA:175,0
DA:176,0
FN:179,PodFast.reflectionFromToken
FNDA:0,PodFast.reflectionFromToken
DA:180,0
BRDA:180,2,0,-
BRDA:180,2,1,-
DA:181,0
BRDA:181,3,0,-
BRDA:181,3,1,-
DA:182,0
DA:183,0
DA:185,0
DA:186,0
FN:190,PodFast.tokenFromReflection
FNDA:0,PodFast.tokenFromReflection
DA:191,0
BRDA:191,4,0,-
BRDA:191,4,1,-
DA:192,0
DA:193,0
FN:196,PodFast.excludeFromReward
FNDA:0,PodFast.excludeFromReward
DA:197,0
BRDA:197,5,0,-
BRDA:197,5,1,-
DA:198,0
BRDA:198,6,0,-
BRDA:198,6,1,-
DA:199,0
DA:201,0
DA:202,0
FN:206,PodFast.includeInReward
FNDA:0,PodFast.includeInReward
DA:207,0
BRDA:207,7,0,-
BRDA:207,7,1,-
DA:208,0
DA:209,0
BRDA:209,8,0,-
BRDA:209,8,1,-
DA:210,0
DA:211,0
DA:212,0
DA:213,0
DA:214,0
FN:219,PodFast.excludeFromFee
FNDA:0,PodFast.excludeFromFee
DA:220,0
FN:223,PodFast.includeInFee
FNDA:0,PodFast.includeInFee
DA:224,0
FN:227,PodFast.setAllFeePercent
FNDA:0,PodFast.setAllFeePercent
DA:232,0
BRDA:232,9,0,-
BRDA:232,9,1,-
DA:233,0
BRDA:233,10,0,-
BRDA:233,10,1,-
DA:234,0
BRDA:234,11,0,-
BRDA:234,11,1,-
DA:235,0
DA:236,0
DA:237,0
FN:240,PodFast.setFeeWallet
FNDA:0,PodFast.setFeeWallet
DA:241,0
BRDA:241,12,0,-
BRDA:241,12,1,-
DA:242,0
DA:243,0
FN:246,PodFast.setEcosystemWallet
FNDA:0,PodFast.setEcosystemWallet
DA:247,0
BRDA:247,13,0,-
BRDA:247,13,1,-
DA:248,0
DA:249,0
FN:254,PodFast._reflectFee
FNDA:0,PodFast._reflectFee
DA:255,0
DA:256,0
FN:259,PodFast._getValues
FNDA:0,PodFast._getValues
DA:272,0
DA:273,0
DA:274,0
FN:277,PodFast._getTValues
FNDA:0,PodFast._getTValues
DA:287,0
DA:288,0
DA:289,0
DA:290,0
DA:291,0
FN:294,PodFast._getRValues
FNDA:0,PodFast._getRValues
DA:309,0
DA:310,0
DA:311,0
DA:312,0
DA:313,0
DA:314,0
FN:317,PodFast._getRate
FNDA:0,PodFast._getRate
DA:318,0
DA:319,0
FN:322,PodFast._getCurrentSupply
FNDA:0,PodFast._getCurrentSupply
DA:323,0
DA:324,0
DA:325,0
DA:326,0
BRDA:326,14,0,-
BRDA:326,14,1,-
DA:327,0
DA:328,0
DA:330,0
BRDA:330,15,0,-
BRDA:330,15,1,-
DA:331,0
FN:334,PodFast._takeOwnerFee
FNDA:0,PodFast._takeOwnerFee
DA:335,0
DA:336,0
DA:337,0
DA:338,0
BRDA:338,16,0,-
BRDA:338,16,1,-
FN:341,PodFast._takeEcosystemFee
FNDA:0,PodFast._takeEcosystemFee
DA:342,0
DA:343,0
DA:344,0
DA:345,0
BRDA:345,17,0,-
BRDA:345,17,1,-
FN:348,PodFast.calculateTaxFee
FNDA:0,PodFast.calculateTaxFee
DA:349,0
FN:352,PodFast.calculateEcosystemFee
FNDA:0,PodFast.calculateEcosystemFee
DA:353,0
FN:356,PodFast.calculateOwnerFee
FNDA:0,PodFast.calculateOwnerFee
DA:357,0
FN:360,PodFast.removeAllFee
FNDA:0,PodFast.removeAllFee
DA:361,0
BRDA:361,18,0,-
BRDA:361,18,1,-
DA:363,0
DA:364,0
DA:365,0
DA:367,0
DA:368,0
DA:369,0
FN:372,PodFast.restoreAllFee
FNDA:0,PodFast.restoreAllFee
DA:373,0
DA:374,0
DA:375,0
FN:378,PodFast.isExcludedFromFee
FNDA:0,PodFast.isExcludedFromFee
DA:379,0
FN:382,PodFast._approve
FNDA:0,PodFast._approve
DA:387,0
BRDA:387,19,0,-
BRDA:387,19,1,-
DA:388,0
BRDA:388,20,0,-
BRDA:388,20,1,-
DA:390,0
DA:391,0
FN:394,PodFast._transfer
FNDA:0,PodFast._transfer
DA:399,0
BRDA:399,21,0,-
BRDA:399,21,1,-
DA:400,0
BRDA:400,22,0,-
BRDA:400,22,1,-
DA:401,0
BRDA:401,23,0,-
BRDA:401,23,1,-
DA:404,0
DA:407,0
BRDA:407,24,0,-
BRDA:407,24,1,-
DA:408,0
DA:412,0
FN:416,PodFast._tokenTransfer
FNDA:0,PodFast._tokenTransfer
DA:422,0
BRDA:422,25,0,-
BRDA:422,25,1,-
DA:424,0
BRDA:424,26,0,-
BRDA:424,26,1,-
DA:425,0
DA:426,0
BRDA:426,27,0,-
BRDA:426,27,1,-
DA:427,0
DA:428,0
BRDA:428,28,0,-
BRDA:428,28,1,-
DA:429,0
DA:430,0
BRDA:430,29,0,-
BRDA:430,29,1,-
DA:431,0
DA:433,0
DA:435,0
BRDA:435,30,0,-
BRDA:435,30,1,-
FN:438,PodFast._transferStandard
FNDA:0,PodFast._transferStandard
DA:443,0
DA:452,0
DA:453,0
DA:454,0
DA:455,0
DA:456,0
DA:457,0
DA:458,0
FN:461,PodFast._transferToExcluded
FNDA:0,PodFast._transferToExcluded
DA:466,0
DA:474,0
DA:475,0
DA:476,0
DA:477,0
DA:478,0
DA:479,0
DA:480,0
DA:481,0
FN:484,PodFast._transferFromExcluded
FNDA:0,PodFast._transferFromExcluded
DA:489,0
DA:497,0
DA:498,0
DA:499,0
DA:500,0
DA:501,0
DA:502,0
DA:503,0
DA:504,0
FN:507,PodFast._transferBothExcluded
FNDA:0,PodFast._transferBothExcluded
DA:512,0
DA:520,0
DA:521,0
DA:522,0
DA:523,0
DA:524,0
DA:525,0
DA:526,0
DA:527,0
DA:528,0
FNF:45
FNH:0
LF:194
LH:0
BRF:62
BRH:0
end_of_record
